<?xml version="1.0" encoding="UTF-8"?>
<testsuite xmlns:xsi="http://www.w3.org/2001/XMLSchema-instance" xsi:noNamespaceSchemaLocation="https://maven.apache.org/surefire/maven-surefire-plugin/xsd/surefire-test-report-3.0.xsd" version="3.0" name="com.smarttask.service.GestorTareasTest" time="0.163" tests="3" errors="0" skipped="0" failures="0">
  <properties>
[...]
</properties>
  <testcase name="testAgregarTarea" classname="com.smarttask.service.GestorTareasTest" time="0.055">
    <system-out><![CDATA[- testAgregarTarea: SUCCESS
]]></system-out>
  </testcase>
  <testcase name="testListarTareas" classname="com.smarttask.service.GestorTareasTest" time="0.016">
    <system-out><![CDATA[
TAREAS ACTIVAS
[NORMAL] ID: 1 | Nombre: Comprar pan | Estado: Pendiente
[URGENTE] ID: 2 | Nombre: Pagar cuentas | Estado: Pendiente | Días Límite: 1

TAREAS COMPLETADAS
- testListarTareas: SUCCESS
]]></system-out>
  </testcase>
  <testcase name="testMarcarComoCompletada" classname="com.smarttask.service.GestorTareasTest" time="0.005">
    <system-out><![CDATA[- testMarcarComoCompletada: SUCCESS
]]></system-out>
  </testcase>
</testsuite>